1
200
5
10.32585592474788
euler02
83
172
23
2
200
5
6.909460993483663
euler02
83
172
23
3
200
5
4.803170915693045
euler02
83
172
23
4
200
5
3.492500050924718
euler02
83
172
23
5
200
5
3.133644931949675
euler02
83
172
23
6
200
5
2.718110918067396
euler02
83
172
23
7
200
5
2.305326983332634
euler02
83
172
23
8
200
5
2.055853954516351
euler02
83
172
23
9
200
5
2.902762964367867
euler02
83
172
23
10
200
5
1.792765920981765
euler02
83
172
23
11
200
5
1.559897093102336
euler02
83
172
23
12
200
5
1.432969933375716
euler02
83
172
23
13
200
5
2.344665001146495
euler02
83
172
23
14
200
5
1.391949015669525
euler02
83
172
23
15
200
5
1.366751035675406
euler02
83
172
23
16
200
5
1.316066016443074
euler02
83
172
23
17
200
5
2.482032985426486
euler02
83
172
23
18
200
5
1.277162926271558
euler02
83
172
23
19
200
5
1.265230006538332
euler02
83
172
23
20
200
5
1.380157889798284
euler02
83
172
23
21
200
5
1.35792896617204
euler02
83
172
23
22
200
5
1.283588004298508
euler02
83
172
23
23
200
5
1.325085991993546
euler02
83
172
23
24
200
5
1.276534050703049
euler02
83
172
23
25
200
5
1.302426913753152
euler02
83
172
23
26
200
5
1.345374039374292
euler02
83
172
23
27
200
5
1.294567016884685
euler02
83
172
23
28
200
5
1.406367984600365
euler02
83
172
23
29
200
5
1.360274967737496
euler02
83
172
23
30
200
5
1.589686027728021
euler02
83
172
23
31
200
5
1.80603307671845
euler02
83
172
23
32
200
5
1.604925026185811
euler02
83
172
23
33
200
5
1.842492027208209
euler02
83
172
23
34
200
5
1.776936929672956
euler02
83
172
23
35
200
5
1.595246023498476
euler02
83
172
23
36
200
5
1.973893959075212
euler02
83
172
23
37
200
5
1.920758048072457
euler02
83
172
23
38
200
5
1.739534083753824
euler02
83
172
23
39
200
5
5.839598947204649
euler02
83
172
23
40
200
5
6.215102039277554
euler02
83
172
23
