1
183.7017149664462
euler02
32.121041
2
110.264259041287
euler02
32.121041
3
69.94613399729133
euler02
32.121041
4
68.08279897086322
euler02
32.121041
5
54.41850004717708
euler02
32.121041
6
46.97476897854358
euler02
32.121041
7
41.40006809029728
euler02
32.121041
8
37.89826296269894
euler02
32.121041
9
33.30874990206212
euler02
32.121041
10
30.95922607462853
euler02
32.121041
11
27.76418207213283
euler02
32.121041
12
25.6140980636701
euler02
32.121041
13
24.87531793303788
euler02
32.121041
14
22.54244091454893
euler02
32.121041
15
20.93159395735711
euler02
32.121041
16
18.22432095650584
euler02
32.121041
17
15.47452504746616
euler02
32.121041
18
17.99559697974473
euler02
32.121041
19
16.70286699663848
euler02
32.121041
20
15.1685040909797
euler02
32.121041
21
16.01074601057917
euler02
32.121041
22
13.48719606176019
euler02
32.121041
23
16.26530289649963
euler02
32.121041
24
13.80651898216456
euler02
32.121041
25
13.31999397370964
euler02
32.121041
26
11.45884208381176
euler02
32.121041
27
10.84917306434363
euler02
32.121041
28
10.74960804544389
euler02
32.121041
29
9.743854985572398
euler02
32.121041
30
8.835999993607402
euler02
32.121041
31
8.448904962278903
euler02
32.121041
32
7.989204954355955
euler02
32.121041
33
8.015497936867177
euler02
32.121041
34
7.472607074305415
euler02
32.121041
35
7.253051036968827
euler02
32.121041
36
7.262767991051078
euler02
32.121041
37
6.906019989401102
euler02
32.121041
38
7.08973198197782
euler02
32.121041
39
13.54726508725435
euler02
32.121041
40
11.37319800909609
euler02
32.121041
