0.565920
0.551648
0.556992
0.560416
0.573760
0.582080
0.564448
0.559360
0.558496
0.560320
0.555808
0.555392
0.555136
0.549344
0.562816
0.550176
0.545952
0.558624
0.554816
0.569984
0.553568
0.555968
0.561536
0.564352
0.562400
0.557408
0.554560
0.561216
0.550240
0.556352
0.552320
0.564544
0.555296
0.551200
0.559616
0.562464
0.570432
0.561504
0.557152
0.567264
0.545184
0.558784
0.551200
0.568928
0.560000
0.550400
0.559936
0.544960
0.568320
0.556448
0.550144
0.556736
0.568608
0.562176
0.551040
0.556192
0.558848
0.556896
0.553856
0.554656
0.552288
0.554688
0.569504
0.561952
0.556896
0.559040
0.561824
0.577152
0.556160
0.556384
0.559744
0.563904
0.555552
0.563136
0.561408
0.556384
0.844736
0.560160
0.551648
0.562048
1.049792
1.050240
1.048128
1.043424
1.069056
1.036384
1.050304
1.043744
1.049472
1.050272
1.046976
1.044256
1.048672
1.054976
1.054048
1.050752
1.059904
1.044928
1.058368
1.047936
1.074560
1.057536
1.057024
1.058176
1.059552
1.061952
1.050784
1.058144
1.063424
1.055392
1.067360
1.074272
1.062880
1.077440
1.072864
1.095584
1.076928
1.065792
1.068096
1.074912
1.093056
1.099200
1.092640
1.103392
1.096512
1.092800
1.097056
1.088352
1.112320
1.089600
1.169056
1.146016
1.143264
1.150336
1.162112
1.143072
1.152576
1.136672
1.148000
1.142176
1.252800
1.272160
1.255904
1.243040
1.251200
1.252032
1.256288
1.252000
1.261152
1.210112
1.451424
1.443648
1.435232
1.437088
1.457728
1.434688
1.447264
1.436672
1.431968
1.443744
1.829184
1.753312
2.755168
1.845248
1.833216
1.829216
1.773024
2.081632
1.811648
1.839744
2.592896
2.592544
2.562208
2.576224
2.589792
2.593120
2.587968
2.603680
2.607008
2.591712
3.963712
4.039584
8.244256
3.811328
3.817984
3.809568
3.805920
3.849824
3.822208
3.800448
5.650528
5.713792
5.751168
5.675424
4.983040
4.934432
4.999040
5.000448
4.959872
4.965504
8.267072
8.287552
8.258752
9.897696
8.310720
8.283328
8.250368
8.269920
8.267008
8.273440
14.707072
17.174080
19.555424
14.770848
14.719072
16.685184
16.710976
16.601984
16.748705
14.699296
27.699903
27.743872
31.487520
27.649536
27.674528
31.210272
31.202656
31.416161
31.527552
31.378431
60.154530
59.939232
60.009472
60.014366
52.925858
52.733410
60.032578
59.960930
60.095711
60.217632
