0.539520
0.546080
0.542976
0.552032
0.553056
0.554688
0.548896
0.556352
0.564064
0.552096
0.558176
0.564864
0.571488
0.572288
0.558816
0.549536
0.552064
0.564608
0.565280
0.559008
0.553248
0.560416
0.556000
0.558944
0.554624
0.565920
0.542784
0.551264
0.549760
0.552288
0.547360
0.555200
0.536704
0.542560
0.554400
0.553248
0.546848
0.550016
0.562560
0.549856
0.563936
0.549952
0.553472
0.557472
0.557440
0.554720
0.559808
0.546944
0.553376
0.552832
0.567104
0.564608
0.561088
0.560352
0.544640
0.555872
0.550144
0.556800
0.552416
0.560640
0.547552
0.552384
0.551392
0.555616
0.549824
0.548160
0.546336
0.555616
0.565312
0.548288
0.567520
0.556928
0.539968
0.551232
0.543136
0.544480
0.551904
0.547776
0.549824
0.550720
1.044864
1.051776
1.054496
1.040576
1.047840
1.031712
1.030240
1.037088
1.042304
1.041312
1.033376
1.055040
1.040768
1.035136
1.039776
1.053312
1.036928
1.038656
1.055104
1.058976
1.042208
1.047328
1.036320
1.038976
1.040896
1.040000
1.037024
1.036160
1.044800
1.041888
1.326304
1.074848
1.073440
1.073600
1.058176
1.058752
1.057376
1.072192
1.072864
1.067488
1.057792
1.067552
1.064032
1.060736
1.065792
1.065344
1.084224
1.060704
1.070464
1.086688
1.077408
1.106112
1.093696
1.077632
1.077056
1.095008
1.084256
1.092192
1.076768
1.101280
1.130016
1.134080
1.132768
1.125024
1.132896
1.119264
1.135040
1.126112
1.135360
1.123584
1.177312
1.181216
1.186496
1.176544
1.174848
1.351584
1.180736
1.174912
1.170368
1.171104
1.295424
1.279968
1.278304
1.275200
1.281376
1.276928
1.277120
1.291360
1.277472
1.284128
1.527840
1.504224
1.486496
1.492480
1.517952
1.515840
1.519904
1.532448
1.498080
1.520544
1.945888
1.946848
1.955392
2.388928
1.980352
1.963328
1.953504
1.978208
1.964864
1.969952
2.696640
2.697600
3.878816
2.695040
2.676384
2.687648
2.683872
2.679968
2.676480
2.686272
4.230304
3.772576
4.245760
3.793312
3.766656
3.768064
3.772704
3.796224
3.787296
4.242176
7.177504
6.417440
7.192992
7.166080
6.401504
6.466816
6.407456
6.446336
7.142080
7.128896
12.875520
12.837408
12.840960
12.837056
12.838976
11.600736
12.819840
11.565120
11.590976
12.864032
21.648161
24.148928
24.261185
24.139809
24.111008
24.107489
21.647297
24.222240
21.787680
24.167168
