2
2.345706
0.459936
4
8.161098
0.438144
8
10.287609
0.464960
16
17.133839
0.439936
32
3.810084
0.447488
64
12.254267
0.467712
128
50.058685
0.432896
256
58.532215
0.421888
512
50.509434
0.481792
1024
69.125488
0.444768
2048
28.982578
0.457056
4096
17.121553
0.502496
8192
-66.406364
0.510560
16384
-483.800232
0.585312
32768
-534.191162
0.745536
65536
-584.937439
1.045152
131072
-252.932770
1.712896
262144
21.779871
3.438752
524288
683.110229
6.780544
1048576
-25.860628
15.319872
2097152
-1329.073486
42.870880
4194304
380.228882
140.256287
8388608
2536.801758
531.564880
16777216
4766.206055
1924.024780
