2
2.345706
0.316384
4
8.161098
0.283872
8
10.287609
0.355104
16
17.133839
0.523424
32
3.810083
0.283232
64
12.254265
0.294112
128
50.058685
0.292320
256
58.532211
0.306688
512
50.509438
0.856992
1024
69.125481
0.994112
2048
28.982582
0.929056
4096
17.121552
1.374464
8192
-66.406364
0.888448
16384
-483.800201
0.877024
32768
-534.191040
0.898048
65536
-584.937378
1.027648
131072
-252.932816
1.098848
262144
21.780121
5.275840
524288
683.109985
73.988899
1048576
-25.861023
3.399872
2097152
-1329.073975
6.436128
4194304
380.227966
11.231616
8388608
2536.800293
20.770241
16777216
4766.203613
39.933281
